<?xml version="1.0" encoding="UTF-8"?>
<testsuite name="com.telranqa26.tests.LogoutTest" tests="1" skipped="0" failures="0" errors="0" timestamp="2021-01-09T20:35:18" hostname="MBP-Taya.lan" time="10.539">
  <properties/>
  <testcase name="logOutTest" classname="com.telranqa26.tests.LogoutTest" time="10.539"/>
  <system-out><![CDATA[Im  test 
]]></system-out>
  <system-err><![CDATA[Starting ChromeDriver 87.0.4280.88 (89e2380a3e36c3464b5dd1302349b1382549290d-refs/branch-heads/4280@{#1761}) on port 37482
Only local connections are allowed.
Please see https://chromedriver.chromium.org/security-considerations for suggestions on keeping ChromeDriver safe.
ChromeDriver was started successfully.
Jan 09, 2021 10:35:04 PM org.openqa.selenium.remote.ProtocolHandshake createSession
INFO: Detected dialect: W3C
]]></system-err>
</testsuite>
