<?xml version="1.0" encoding="UTF-8"?>
<testsuite name="com.telranqa26.tests.RegistrationTest" tests="1" skipped="0" failures="0" errors="0" timestamp="2021-01-09T20:34:19" hostname="MBP-Taya.lan" time="16.206">
  <properties/>
  <testcase name="registration" classname="com.telranqa26.tests.RegistrationTest" time="16.206"/>
  <system-out><![CDATA[]]></system-out>
  <system-err><![CDATA[Starting ChromeDriver 87.0.4280.88 (89e2380a3e36c3464b5dd1302349b1382549290d-refs/branch-heads/4280@{#1761}) on port 30295
Only local connections are allowed.
Please see https://chromedriver.chromium.org/security-considerations for suggestions on keeping ChromeDriver safe.
ChromeDriver was started successfully.
Jan 09, 2021 10:34:17 PM org.openqa.selenium.remote.ProtocolHandshake createSession
INFO: Detected dialect: W3C
]]></system-err>
</testsuite>
